<?xml version="1.0" encoding="UTF-8"?>
<!-- Generated by org.testng.reporters.JUnitReportReporter -->
<testsuite hostname="Prajjj" failures="0" tests="1" name="mystore.SearchbyFilter" time="30.493" errors="0" timestamp="2020-11-16T17:16:34 IST" skipped="0">
  <testcase classname="mystore.SearchbyFilter" name="sort" time="30.493"/>
  <system-out/>
</testsuite> <!-- mystore.SearchbyFilter -->
