<?xml version="1.0" encoding="UTF-8"?>
<!-- Generated by org.testng.reporters.JUnitReportReporter -->
<testsuite hostname="Prajjj" failures="0" tests="1" name="mystore.SearchbyProductname" time="31.456" errors="0" timestamp="2020-11-16T17:15:34 IST" skipped="0">
  <testcase classname="mystore.SearchbyProductname" name="searchProduct" time="31.456"/>
  <system-out/>
</testsuite> <!-- mystore.SearchbyProductname -->
