<?xml version="1.0" encoding="UTF-8"?>
<!-- Generated by org.testng.reporters.JUnitReportReporter -->
<testsuite hostname="Prajjj" failures="0" tests="1" name="mystore.ProceedtoCheckout" time="63.566" errors="0" timestamp="2020-11-16T17:18:56 IST" skipped="0">
  <testcase classname="mystore.ProceedtoCheckout" name="ProceedToCheckout" time="63.566"/>
  <system-out/>
</testsuite> <!-- mystore.ProceedtoCheckout -->
