<?xml version="1.0" encoding="UTF-8"?>
<!-- Generated by org.testng.reporters.JUnitReportReporter -->
<testsuite hostname="Prajjj" failures="0" tests="1" name="mystore.AddToCart" time="29.885" errors="0" timestamp="2020-11-16T17:17:27 IST" skipped="0">
  <testcase classname="mystore.AddToCart" name="cart" time="29.885"/>
  <system-out/>
</testsuite> <!-- mystore.AddToCart -->
